# JRE version: Java(TM) SE Runtime Environment (21.0.6+8) (build 21.0.6+8-LTS-188)
# Java VM: Java HotSpot(TM) 64-Bit Server VM (21.0.6+8-LTS-188, mixed mode, emulated-client, sharing, tiered, compressed oops, compressed class ptrs, g1 gc, windows-amd64)
GC Precious Log:
 CardTable entry size: 512
 Card Set container configuration: InlinePtr #cards 4 size 8 Array Of Cards #cards 16 size 48 Howl #buckets 8 coarsen threshold 3686 Howl Bitmap #cards 512 size 80 coarsen threshold 460 Card regions per heap region 1 cards per card region 4096
 CPUs: 4 total, 4 available
 Memory: 11712M
 Large Page Support: Disabled
 NUMA Support: Disabled
 Compressed Oops: Enabled (Zero based)
 Heap Region Size: 2M
 Heap Min Capacity: 8M
 Heap Initial Capacity: 184M
 Heap Max Capacity: 2930M
 Pre-touch: Disabled
 Parallel Workers: 4
 Concurrent Workers: 1
 Concurrent Refinement Workers: 4
 Periodic GC: Disabled
Heap:
 garbage-first heap   total 133120K, used 103588K [0x0000000748e00000, 0x0000000800000000)
  region size 2048K, 21 young (43008K), 2 survivors (4096K)
 Metaspace       used 120305K, committed 121728K, reserved 1179648K
  class space    used 16530K, committed 17152K, reserved 1048576K
GC Heap History (20 events):
Event: 131.876 GC heap after
{Heap after GC invocations=28 (full 0):
 garbage-first heap   total 133120K, used 66371K [0x0000000748e00000, 0x0000000800000000)
  region size 2048K, 3 young (6144K), 3 survivors (6144K)
 Metaspace       used 111618K, committed 112832K, reserved 1179648K
  class space    used 15401K, committed 15936K, reserved 1048576K
}
Event: 242.042 GC heap before
{Heap before GC invocations=28 (full 0):
 garbage-first heap   total 133120K, used 115523K [0x0000000748e00000, 0x0000000800000000)
  region size 2048K, 28 young (57344K), 3 survivors (6144K)
 Metaspace       used 118228K, committed 119488K, reserved 1179648K
  class space    used 16284K, committed 16832K, reserved 1048576K
}
Event: 242.055 GC heap after
{Heap after GC invocations=29 (full 0):
 garbage-first heap   total 133120K, used 67872K [0x0000000748e00000, 0x0000000800000000)
  region size 2048K, 3 young (6144K), 3 survivors (6144K)
 Metaspace       used 118228K, committed 119488K, reserved 1179648K
  class space    used 16284K, committed 16832K, reserved 1048576K
}
Event: 461.235 GC heap before
{Heap before GC invocations=29 (full 0):
 garbage-first heap   total 133120K, used 117024K [0x0000000748e00000, 0x0000000800000000)
  region size 2048K, 27 young (55296K), 3 survivors (6144K)
 Metaspace       used 118354K, committed 119616K, reserved 1179648K
  class space    used 16317K, committed 16896K, reserved 1048576K
}
Event: 461.251 GC heap after
{Heap after GC invocations=30 (full 0):
 garbage-first heap   total 133120K, used 68374K [0x0000000748e00000, 0x0000000800000000)
  region size 2048K, 2 young (4096K), 2 survivors (4096K)
 Metaspace       used 118354K, committed 119616K, reserved 1179648K
  class space    used 16317K, committed 16896K, reserved 1048576K
}
Event: 464.984 GC heap before
{Heap before GC invocations=31 (full 0):
 garbage-first heap   total 133120K, used 76566K [0x0000000748e00000, 0x0000000800000000)
  region size 2048K, 7 young (14336K), 2 survivors (4096K)
 Metaspace       used 117946K, committed 119680K, reserved 1179648K
  class space    used 16212K, committed 16896K, reserved 1048576K
}
Event: 465.118 GC heap after
{Heap after GC invocations=32 (full 1):
 garbage-first heap   total 133120K, used 46517K [0x0000000748e00000, 0x0000000800000000)
  region size 2048K, 0 young (0K), 0 survivors (0K)
 Metaspace       used 117803K, committed 119680K, reserved 1179648K
  class space    used 16174K, committed 16896K, reserved 1048576K
}
Event: 467.994 GC heap before
{Heap before GC invocations=32 (full 1):
 garbage-first heap   total 133120K, used 120245K [0x0000000748e00000, 0x0000000800000000)
  region size 2048K, 36 young (73728K), 0 survivors (0K)
 Metaspace       used 117867K, committed 119680K, reserved 1179648K
  class space    used 16186K, committed 16896K, reserved 1048576K
}
Event: 468.006 GC heap after
{Heap after GC invocations=33 (full 1):
 garbage-first heap   total 133120K, used 53194K [0x0000000748e00000, 0x0000000800000000)
  region size 2048K, 4 young (8192K), 4 survivors (8192K)
 Metaspace       used 117867K, committed 119680K, reserved 1179648K
  class space    used 16186K, committed 16896K, reserved 1048576K
}
Event: 469.759 GC heap before
{Heap before GC invocations=33 (full 1):
 garbage-first heap   total 133120K, used 112586K [0x0000000748e00000, 0x0000000800000000)
  region size 2048K, 33 young (67584K), 4 survivors (8192K)
 Metaspace       used 118383K, committed 119808K, reserved 1179648K
  class space    used 16267K, committed 16896K, reserved 1048576K
}
Event: 469.776 GC heap after
{Heap after GC invocations=34 (full 1):
 garbage-first heap   total 133120K, used 58413K [0x0000000748e00000, 0x0000000800000000)
  region size 2048K, 3 young (6144K), 3 survivors (6144K)
 Metaspace       used 118383K, committed 119808K, reserved 1179648K
  class space    used 16267K, committed 16896K, reserved 1048576K
}
Event: 471.103 GC heap before
{Heap before GC invocations=34 (full 1):
 garbage-first heap   total 133120K, used 115757K [0x0000000748e00000, 0x0000000800000000)
  region size 2048K, 31 young (63488K), 3 survivors (6144K)
 Metaspace       used 118752K, committed 119936K, reserved 1179648K
  class space    used 16347K, committed 16896K, reserved 1048576K
}
Event: 471.121 GC heap after
{Heap after GC invocations=35 (full 1):
 garbage-first heap   total 133120K, used 63372K [0x0000000748e00000, 0x0000000800000000)
  region size 2048K, 3 young (6144K), 3 survivors (6144K)
 Metaspace       used 118752K, committed 119936K, reserved 1179648K
  class space    used 16347K, committed 16896K, reserved 1048576K
}
Event: 596.981 GC heap before
{Heap before GC invocations=36 (full 1):
 garbage-first heap   total 133120K, used 114572K [0x0000000748e00000, 0x0000000800000000)
  region size 2048K, 28 young (57344K), 3 survivors (6144K)
 Metaspace       used 119296K, committed 120512K, reserved 1179648K
  class space    used 16445K, committed 17024K, reserved 1048576K
}
Event: 596.996 GC heap after
{Heap after GC invocations=37 (full 1):
 garbage-first heap   total 133120K, used 65883K [0x0000000748e00000, 0x0000000800000000)
  region size 2048K, 2 young (4096K), 2 survivors (4096K)
 Metaspace       used 119296K, committed 120512K, reserved 1179648K
  class space    used 16445K, committed 17024K, reserved 1048576K
}
Event: 867.424 GC heap before
{Heap before GC invocations=37 (full 1):
 garbage-first heap   total 133120K, used 117083K [0x0000000748e00000, 0x0000000800000000)
  region size 2048K, 27 young (55296K), 2 survivors (4096K)
 Metaspace       used 119297K, committed 120512K, reserved 1179648K
  class space    used 16445K, committed 17024K, reserved 1048576K
}
Event: 867.440 GC heap after
{Heap after GC invocations=38 (full 1):
 garbage-first heap   total 133120K, used 66228K [0x0000000748e00000, 0x0000000800000000)
  region size 2048K, 2 young (4096K), 2 survivors (4096K)
 Metaspace       used 119297K, committed 120512K, reserved 1179648K
  class space    used 16445K, committed 17024K, reserved 1048576K
}
Event: 1051.806 GC heap before
{Heap before GC invocations=38 (full 1):
 garbage-first heap   total 133120K, used 115380K [0x0000000748e00000, 0x0000000800000000)
  region size 2048K, 27 young (55296K), 2 survivors (4096K)
 Metaspace       used 120238K, committed 121536K, reserved 1179648K
  class space    used 16564K, committed 17152K, reserved 1048576K
}
Event: 1051.817 GC heap after
{Heap after GC invocations=39 (full 1):
 garbage-first heap   total 133120K, used 66724K [0x0000000748e00000, 0x0000000800000000)
  region size 2048K, 2 young (4096K), 2 survivors (4096K)
 Metaspace       used 120238K, committed 121536K, reserved 1179648K
  class space    used 16564K, committed 17152K, reserved 1048576K
}
Event: 1179.172 GC heap before
{Heap before GC invocations=40 (full 1):
 garbage-first heap   total 133120K, used 103588K [0x0000000748e00000, 0x0000000800000000)
  region size 2048K, 21 young (43008K), 2 survivors (4096K)
 Metaspace       used 120305K, committed 121728K, reserved 1179648K
  class space    used 16530K, committed 17152K, reserved 1048576K
}

